Determining if the pthread_create exist failed with the following output:
Change Dir: /home/technologic/catkin_ws/build_isolated/amcl/CMakeFiles/CMakeTmp

Run Build Command:/usr/bin/make "cmTryCompileExec3585334301/fast"
/usr/bin/make -f CMakeFiles/cmTryCompileExec3585334301.dir/build.make CMakeFiles/cmTryCompileExec3585334301.dir/build
make[1]: Entering directory `/home/technologic/catkin_ws/build_isolated/amcl/CMakeFiles/CMakeTmp'
/usr/bin/cmake -E cmake_progress_report /home/technologic/catkin_ws/build_isolated/amcl/CMakeFiles/CMakeTmp/CMakeFiles 1
Building C object CMakeFiles/cmTryCompileExec3585334301.dir/CheckSymbolExists.c.o
/usr/bin/cc    -o CMakeFiles/cmTryCompileExec3585334301.dir/CheckSymbolExists.c.o   -c /home/technologic/catkin_ws/build_isolated/amcl/CMakeFiles/CMakeTmp/CheckSymbolExists.c
Linking C executable cmTryCompileExec3585334301
/usr/bin/cmake -E cmake_link_script CMakeFiles/cmTryCompileExec3585334301.dir/link.txt --verbose=1
/usr/bin/cc       CMakeFiles/cmTryCompileExec3585334301.dir/CheckSymbolExists.c.o  -o cmTryCompileExec3585334301 -rdynamic 
CMakeFiles/cmTryCompileExec3585334301.dir/CheckSymbolExists.c.o: In function `main':
CheckSymbolExists.c:(.text+0x16): undefined reference to `pthread_create'
collect2: error: ld returned 1 exit status
make[1]: *** [cmTryCompileExec3585334301] Error 1
make[1]: Leaving directory `/home/technologic/catkin_ws/build_isolated/amcl/CMakeFiles/CMakeTmp'
make: *** [cmTryCompileExec3585334301/fast] Error 2

File /home/technologic/catkin_ws/build_isolated/amcl/CMakeFiles/CMakeTmp/CheckSymbolExists.c:
/* */
#include <pthread.h>

int main(int argc, char** argv)
{
  (void)argv;
#ifndef pthread_create
  return ((int*)(&pthread_create))[argc];
#else
  (void)argc;
  return 0;
#endif
}

Determining if the function pthread_create exists in the pthreads failed with the following output:
Change Dir: /home/technologic/catkin_ws/build_isolated/amcl/CMakeFiles/CMakeTmp

Run Build Command:/usr/bin/make "cmTryCompileExec2635351625/fast"
/usr/bin/make -f CMakeFiles/cmTryCompileExec2635351625.dir/build.make CMakeFiles/cmTryCompileExec2635351625.dir/build
make[1]: Entering directory `/home/technologic/catkin_ws/build_isolated/amcl/CMakeFiles/CMakeTmp'
/usr/bin/cmake -E cmake_progress_report /home/technologic/catkin_ws/build_isolated/amcl/CMakeFiles/CMakeTmp/CMakeFiles 1
Building C object CMakeFiles/cmTryCompileExec2635351625.dir/CheckFunctionExists.c.o
/usr/bin/cc   -DCHECK_FUNCTION_EXISTS=pthread_create   -o CMakeFiles/cmTryCompileExec2635351625.dir/CheckFunctionExists.c.o   -c /usr/share/cmake-2.8/Modules/CheckFunctionExists.c
Linking C executable cmTryCompileExec2635351625
/usr/bin/cmake -E cmake_link_script CMakeFiles/cmTryCompileExec2635351625.dir/link.txt --verbose=1
/usr/bin/cc   -DCHECK_FUNCTION_EXISTS=pthread_create    CMakeFiles/cmTryCompileExec2635351625.dir/CheckFunctionExists.c.o  -o cmTryCompileExec2635351625 -rdynamic -lpthreads 
/usr/bin/ld: cannot find -lpthreads
collect2: error: ld returned 1 exit status
make[1]: *** [cmTryCompileExec2635351625] Error 1
make[1]: Leaving directory `/home/technologic/catkin_ws/build_isolated/amcl/CMakeFiles/CMakeTmp'
make: *** [cmTryCompileExec2635351625/fast] Error 2


